<?xml version="1.0" encoding="UTF-8"?>
<!-- Generated by org.testng.reporters.JUnitReportReporter -->
<testsuite hostname="LAPTOP-5J2ANKQN" failures="0" tests="3" name="com.crm.qa.testscripts.LoginPageTest" time="28.291" errors="0" timestamp="2021-03-12T12:44:44 IST" skipped="0">
  <testcase classname="com.crm.qa.testscripts.LoginPageTest" name="validateLoginPageTitle" time="6.969"/>
  <system-out/>
  <testcase classname="com.crm.qa.testscripts.LoginPageTest" name="validateLogo" time="7.433"/>
  <system-out/>
  <testcase classname="com.crm.qa.testscripts.LoginPageTest" name="validateLogin" time="13.889"/>
  <system-out/>
</testsuite> <!-- com.crm.qa.testscripts.LoginPageTest -->
