<?xml version="1.0" encoding="UTF-8"?>
<!-- Generated by org.testng.reporters.JUnitReportReporter -->
<testsuite hostname="LAPTOP-5J2ANKQN" failures="0" tests="2" name="com.crm.qa.testscripts.ContactsPageTest" time="39.326" errors="0" timestamp="2021-03-12T12:44:44 IST" skipped="0">
  <testcase classname="com.crm.qa.testscripts.ContactsPageTest" name="verifyCheckBoxIsSelected" time="20.329"/>
  <system-out/>
  <testcase classname="com.crm.qa.testscripts.ContactsPageTest" name="verifyContactsLabelTest" time="18.997"/>
  <system-out/>
</testsuite> <!-- com.crm.qa.testscripts.ContactsPageTest -->
