<?xml version="1.0" encoding="UTF-8"?>
<!-- Generated by org.testng.reporters.JUnitReportReporter -->
<testsuite hostname="LAPTOP-5J2ANKQN" failures="0" tests="5" name="com.crm.qa.testscripts.HomePageTest" time="86.094" errors="0" timestamp="2021-03-12T12:44:44 IST" skipped="0">
  <testcase classname="com.crm.qa.testscripts.HomePageTest" name="verifyUserIsLoggedIn" time="15.068"/>
  <system-out/>
  <testcase classname="com.crm.qa.testscripts.HomePageTest" name="verifyContactsTasks" time="19.078"/>
  <system-out/>
  <testcase classname="com.crm.qa.testscripts.HomePageTest" name="verifyDealssLink" time="18.818"/>
  <system-out/>
  <testcase classname="com.crm.qa.testscripts.HomePageTest" name="verifyHomepageTitle" time="14.822"/>
  <system-out/>
  <testcase classname="com.crm.qa.testscripts.HomePageTest" name="verifyContactsLink" time="18.308"/>
  <system-out/>
</testsuite> <!-- com.crm.qa.testscripts.HomePageTest -->
